#
# There is insufficient memory for the Java Runtime Environment to continue.
# Native memory allocation (malloc) failed to allocate 32784 bytes for Chunk::new
# Possible reasons:
#   The system is out of physical RAM or swap space
#   The process is running with CompressedOops enabled, and the Java Heap may be blocking the growth of the native heap
# Possible solutions:
#   Reduce memory load on the system
#   Increase physical memory or swap space
#   Check if swap backing store is full
#   Decrease Java heap size (-Xmx/-Xms)
#   Decrease number of Java threads
#   Decrease Java thread stack sizes (-Xss)
#   Set larger code cache with -XX:ReservedCodeCacheSize=
#   JVM is running with Unscaled Compressed Oops mode in which the Java heap is
#     placed in the first 4GB address space. The Java Heap base address is the
#     maximum limit for the native heap growth. Please use -XX:HeapBaseMinAddress
#     to set the Java Heap base and to place the Java Heap above 4GB virtual address.
# This output file may be truncated or incomplete.
#
#  Out of Memory Error (./open/src/hotspot/share/memory/arena.cpp:197), pid=5808, tid=5912
#
# JRE version: Java(TM) SE Runtime Environment 18.9 (11.0.10+8) (build 11.0.10+8-LTS-162)
# Java VM: Java HotSpot(TM) 64-Bit Server VM 18.9 (11.0.10+8-LTS-162, mixed mode, tiered, compressed oops, g1 gc, windows-amd64)
# No core dump will be written. Minidumps are not enabled by default on client versions of Windows
#

---------------  S U M M A R Y ------------

Command Line: -XX:MaxMetaspaceSize=256m -XX:+HeapDumpOnOutOfMemoryError -agentlib:jdwp=transport=dt_socket,server=n,suspend=y,address=127.0.0.1:8420 --add-opens=java.base/java.util=ALL-UNNAMED --add-opens=java.base/java.lang=ALL-UNNAMED --add-opens=java.base/java.lang.invoke=ALL-UNNAMED --add-opens=java.base/java.util=ALL-UNNAMED --add-opens=java.prefs/java.util.prefs=ALL-UNNAMED --add-opens=java.prefs/java.util.prefs=ALL-UNNAMED --add-opens=java.base/java.nio.charset=ALL-UNNAMED --add-opens=java.base/java.net=ALL-UNNAMED --add-opens=java.base/java.util.concurrent.atomic=ALL-UNNAMED -Xms256m -Xmx512m -Dfile.encoding=windows-1251 -Duser.country=RU -Duser.language=ru -Duser.variant org.gradle.launcher.daemon.bootstrap.GradleDaemon 7.1.1

Host: AMD Ryzen 5 2600 Six-Core Processor            , 12 cores, 7G,  Windows 10 , 64 bit Build 19041 (10.0.19041.1645)
Time: Sat Apr 30 00:39:12 2022 RTZ 2 (ÁËÏ‡) elapsed time: 5.833814 seconds (0d 0h 0m 5s)

---------------  T H R E A D  ---------------

Current thread (0x000001d4e4486000):  JavaThread "C2 CompilerThread1" daemon [_thread_in_native, id=5912, stack(0x000000c943600000,0x000000c943700000)]


Current CompileTask:
C2:   5833 4864 %     4       groovy.lang.MetaClassImpl::inheritInterfaceNewMetaMethods @ 100 (195 bytes)

Stack: [0x000000c943600000,0x000000c943700000]
Native frames: (J=compiled Java code, j=interpreted, Vv=VM code, C=native code)
V  [jvm.dll+0x613e6a]
V  [jvm.dll+0x74c1ff]
V  [jvm.dll+0x74d885]
V  [jvm.dll+0x74df03]
V  [jvm.dll+0x243b78]
V  [jvm.dll+0xba2cc]
V  [jvm.dll+0xba43d]
V  [jvm.dll+0x5f449f]
V  [jvm.dll+0x51da73]
V  [jvm.dll+0x51cf75]
V  [jvm.dll+0x51c74f]
V  [jvm.dll+0x51c763]
V  [jvm.dll+0x51c763]
V  [jvm.dll+0x51c763]
V  [jvm.dll+0x51c763]
V  [jvm.dll+0x51c763]
V  [jvm.dll+0x51c763]
V  [jvm.dll+0x51c763]
V  [jvm.dll+0x51c763]
V  [jvm.dll+0x51c716]
V  [jvm.dll+0x52c6ae]
V  [jvm.dll+0x1feefb]
V  [jvm.dll+0x1fc42f]
V  [jvm.dll+0x17f09c]
V  [jvm.dll+0x20bbd4]
V  [jvm.dll+0x209cab]
V  [jvm.dll+0x713619]
V  [jvm.dll+0x70c314]
V  [jvm.dll+0x613036]
C  [ucrtbase.dll+0x21bb2]
C  [KERNEL32.DLL+0x17034]
C  [ntdll.dll+0x52651]


---------------  P R O C E S S  ---------------

Threads class SMR info:
_java_thread_list=0x000001d4e81b4750, length=67, elements={
0x000001d4c52dd000, 0x000001d4e0c3b000, 0x000001d4e0c43800, 0x000001d4e15b8000,
0x000001d4e15ba000, 0x000001d4e15bb000, 0x000001d4e0c5d000, 0x000001d4e15c4800,
0x000001d4e172a800, 0x000001d4e1757000, 0x000001d4e1799800, 0x000001d4e179a800,
0x000001d4e17a9800, 0x000001d4e23a9000, 0x000001d4e42d9000, 0x000001d4e44e1000,
0x000001d4e3e12000, 0x000001d4e3be2800, 0x000001d4e444b800, 0x000001d4e3be3800,
0x000001d4e4486000, 0x000001d4e2c82800, 0x000001d4e394f000, 0x000001d4e3cc5000,
0x000001d4e4485000, 0x000001d4e4480000, 0x000001d4e4483800, 0x000001d4e4482000,
0x000001d4e4486800, 0x000001d4e4482800, 0x000001d4e4481000, 0x000001d4e4484800,
0x000001d4e44b2800, 0x000001d4e44ac800, 0x000001d4e44ad800, 0x000001d4e44b4000,
0x000001d4e44b3000, 0x000001d4e44b1000, 0x000001d4e44b5800, 0x000001d4e44b0000,
0x000001d4e44b6800, 0x000001d4e44b7800, 0x000001d4e44b9000, 0x000001d4e44b8000,
0x000001d4e44ba800, 0x000001d4e44bb800, 0x000001d4e44ba000, 0x000001d4e57ed000,
0x000001d4e57ed800, 0x000001d4e57ef800, 0x000001d4e57f0000, 0x000001d4e57ea800,
0x000001d4e57f1000, 0x000001d4e57eb000, 0x000001d4e57ee800, 0x000001d4e57ec000,
0x000001d4e57f1800, 0x000001d4e57f2800, 0x000001d4e57f6800, 0x000001d4e57f4000,
0x000001d4e57f5000, 0x000001d4e57f7800, 0x000001d4e57f6000, 0x000001d4e57f8000,
0x000001d4e57f9000, 0x000001d4e57f3800, 0x000001d4e97e8800
}

Java Threads: ( => current thread )
  0x000001d4c52dd000 JavaThread "main" [_thread_blocked, id=9840, stack(0x000000c941600000,0x000000c941700000)]
  0x000001d4e0c3b000 JavaThread "Reference Handler" daemon [_thread_blocked, id=11188, stack(0x000000c941d00000,0x000000c941e00000)]
  0x000001d4e0c43800 JavaThread "Finalizer" daemon [_thread_blocked, id=10504, stack(0x000000c941e00000,0x000000c941f00000)]
  0x000001d4e15b8000 JavaThread "Signal Dispatcher" daemon [_thread_blocked, id=3708, stack(0x000000c941f00000,0x000000c942000000)]
  0x000001d4e15ba000 JavaThread "Attach Listener" daemon [_thread_blocked, id=11200, stack(0x000000c942000000,0x000000c942100000)]
  0x000001d4e15bb000 JavaThread "C2 CompilerThread0" daemon [_thread_in_native, id=14060, stack(0x000000c942100000,0x000000c942200000)]
  0x000001d4e0c5d000 JavaThread "C1 CompilerThread0" daemon [_thread_blocked, id=9256, stack(0x000000c942200000,0x000000c942300000)]
  0x000001d4e15c4800 JavaThread "Sweeper thread" daemon [_thread_blocked, id=11588, stack(0x000000c942300000,0x000000c942400000)]
  0x000001d4e172a800 JavaThread "Common-Cleaner" daemon [_thread_blocked, id=6660, stack(0x000000c942400000,0x000000c942500000)]
  0x000001d4e1757000 JavaThread "JDWP Transport Listener: dt_socket" daemon [_thread_blocked, id=13944, stack(0x000000c942500000,0x000000c942600000)]
  0x000001d4e1799800 JavaThread "JDWP Event Helper Thread" daemon [_thread_in_vm, id=2088, stack(0x000000c942600000,0x000000c942700000)]
  0x000001d4e179a800 JavaThread "JDWP Command Reader" daemon [_thread_in_native, id=9320, stack(0x000000c942700000,0x000000c942800000)]
  0x000001d4e17a9800 JavaThread "Service Thread" daemon [_thread_blocked, id=11756, stack(0x000000c942800000,0x000000c942900000)]
  0x000001d4e23a9000 JavaThread "Daemon health stats" [_thread_blocked, id=6392, stack(0x000000c943000000,0x000000c943100000)]
  0x000001d4e42d9000 JavaThread "Incoming local TCP Connector on port 8425" [_thread_in_native, id=4464, stack(0x000000c942a00000,0x000000c942b00000)]
  0x000001d4e44e1000 JavaThread "Daemon periodic checks" [_thread_blocked, id=9696, stack(0x000000c943100000,0x000000c943200000)]
  0x000001d4e3e12000 JavaThread "Daemon" [_thread_blocked, id=13732, stack(0x000000c943200000,0x000000c943300000)]
  0x000001d4e3be2800 JavaThread "Handler for socket connection from /127.0.0.1:8425 to /127.0.0.1:8426" [_thread_in_native, id=2184, stack(0x000000c943300000,0x000000c943400000)]
  0x000001d4e444b800 JavaThread "Cancel handler" [_thread_blocked, id=8832, stack(0x000000c943400000,0x000000c943500000)]
  0x000001d4e3be3800 JavaThread "Daemon worker" [_thread_blocked, id=10812, stack(0x000000c943500000,0x000000c943600000)]
=>0x000001d4e4486000 JavaThread "C2 CompilerThread1" daemon [_thread_in_native, id=5912, stack(0x000000c943600000,0x000000c943700000)]
  0x000001d4e2c82800 JavaThread "Asynchronous log dispatcher for DefaultDaemonConnection: socket connection from /127.0.0.1:8425 to /127.0.0.1:8426" [_thread_blocked, id=12648, stack(0x000000c943700000,0x000000c943800000)]
  0x000001d4e394f000 JavaThread "Stdin handler" [_thread_blocked, id=8820, stack(0x000000c943800000,0x000000c943900000)]
  0x000001d4e3cc5000 JavaThread "Daemon client event forwarder" [_thread_blocked, id=4236, stack(0x000000c943900000,0x000000c943a00000)]
  0x000001d4e4485000 JavaThread "Cache worker for journal cache (C:\Users\–ê–ª–∏—Å–∞\.gradle\caches\journal-1)" [_thread_blocked, id=5504, stack(0x000000c943a00000,0x000000c943b00000)]
  0x000001d4e4480000 JavaThread "File lock request listener" [_thread_in_native, id=10424, stack(0x000000c943b00000,0x000000c943c00000)]
  0x000001d4e4483800 JavaThread "Cache worker for file hash cache (C:\Users\–ê–ª–∏—Å–∞\.gradle\caches\7.1.1\fileHashes)" [_thread_blocked, id=12096, stack(0x000000c943c00000,0x000000c943d00000)]
  0x000001d4e4482000 JavaThread "Cache worker for file hash cache (E:\test\.gradle\7.1.1\fileHashes)" [_thread_blocked, id=12568, stack(0x000000c944300000,0x000000c944400000)]
  0x000001d4e4486800 JavaThread "File watcher server" daemon [_thread_in_native, id=10484, stack(0x000000c944400000,0x000000c944500000)]
  0x000001d4e4482800 JavaThread "File watcher consumer" daemon [_thread_blocked, id=2160, stack(0x000000c944500000,0x000000c944600000)]
  0x000001d4e4481000 JavaThread "Cache worker for checksums cache (E:\test\.gradle\checksums)" [_thread_blocked, id=3576, stack(0x000000c944600000,0x000000c944700000)]
  0x000001d4e4484800 JavaThread "Cache worker for cache directory md-supplier (C:\Users\–ê–ª–∏—Å–∞\.gradle\caches\7.1.1\md-supplier)" [_thread_blocked, id=13504, stack(0x000000c944700000,0x000000c944800000)]
  0x000001d4e44b2800 JavaThread "Cache worker for cache directory md-rule (C:\Users\–ê–ª–∏—Å–∞\.gradle\caches\7.1.1\md-rule)" [_thread_blocked, id=7684, stack(0x000000c944800000,0x000000c944900000)]
  0x000001d4e44ac800 JavaThread "Cache worker for execution history cache (C:\Users\–ê–ª–∏—Å–∞\.gradle\caches\7.1.1\executionHistory)" [_thread_blocked, id=12700, stack(0x000000c944900000,0x000000c944a00000)]
  0x000001d4e44ad800 JavaThread "jar transforms" [_thread_blocked, id=12496, stack(0x000000c944a00000,0x000000c944b00000)]
  0x000001d4e44b4000 JavaThread "jar transforms Thread 2" [_thread_blocked, id=5248, stack(0x000000c944b00000,0x000000c944c00000)]
  0x000001d4e44b3000 JavaThread "Cache worker for file content cache (C:\Users\–ê–ª–∏—Å–∞\.gradle\caches\7.1.1\fileContent)" [_thread_blocked, id=11136, stack(0x000000c944c00000,0x000000c944d00000)]
  0x000001d4e44b1000 JavaThread "jar transforms Thread 3" [_thread_blocked, id=3904, stack(0x000000c944d00000,0x000000c944e00000)]
  0x000001d4e44b5800 JavaThread "jar transforms Thread 4" [_thread_blocked, id=13508, stack(0x000000c944e00000,0x000000c944f00000)]
  0x000001d4e44b0000 JavaThread "jar transforms Thread 5" [_thread_blocked, id=12056, stack(0x000000c944f00000,0x000000c945000000)]
  0x000001d4e44b6800 JavaThread "jar transforms Thread 6" [_thread_blocked, id=10848, stack(0x000000c945000000,0x000000c945100000)]
  0x000001d4e44b7800 JavaThread "jar transforms Thread 7" [_thread_blocked, id=12576, stack(0x000000c945100000,0x000000c945200000)]
  0x000001d4e44b9000 JavaThread "jar transforms Thread 8" [_thread_blocked, id=8740, stack(0x000000c945200000,0x000000c945300000)]
  0x000001d4e44b8000 JavaThread "jar transforms Thread 9" [_thread_blocked, id=11904, stack(0x000000c945300000,0x000000c945400000)]
  0x000001d4e44ba800 JavaThread "Cache worker for dependencies-accessors (E:\test\.gradle\7.1.1\dependencies-accessors)" [_thread_blocked, id=7748, stack(0x000000c945400000,0x000000c945500000)]
  0x000001d4e44bb800 JavaThread "jar transforms Thread 10" [_thread_blocked, id=13616, stack(0x000000c945500000,0x000000c945600000)]
  0x000001d4e44ba000 JavaThread "Cache worker for Build Output Cleanup Cache (E:\test\.gradle\buildOutputCleanup)" [_thread_blocked, id=10948, stack(0x000000c945600000,0x000000c945700000)]
  0x000001d4e57ed000 JavaThread "Memory manager" [_thread_blocked, id=2096, stack(0x000000c945700000,0x000000c945800000)]
  0x000001d4e57ed800 JavaThread "jar transforms Thread 11" [_thread_blocked, id=12860, stack(0x000000c945800000,0x000000c945900000)]
  0x000001d4e57ef800 JavaThread "Execution worker for ':'" [_thread_blocked, id=2780, stack(0x000000c945900000,0x000000c945a00000)]
  0x000001d4e57f0000 JavaThread "Execution worker for ':' Thread 2" [_thread_blocked, id=1256, stack(0x000000c945a00000,0x000000c945b00000)]
  0x000001d4e57ea800 JavaThread "Execution worker for ':' Thread 3" [_thread_blocked, id=9860, stack(0x000000c945b00000,0x000000c945c00000)]
  0x000001d4e57f1000 JavaThread "Execution worker for ':' Thread 4" [_thread_blocked, id=2424, stack(0x000000c945c00000,0x000000c945d00000)]
  0x000001d4e57eb000 JavaThread "Execution worker for ':' Thread 5" [_thread_blocked, id=10884, stack(0x000000c945d00000,0x000000c945e00000)]
  0x000001d4e57ee800 JavaThread "Execution worker for ':' Thread 6" [_thread_blocked, id=12892, stack(0x000000c945e00000,0x000000c945f00000)]
  0x000001d4e57ec000 JavaThread "Execution worker for ':' Thread 7" [_thread_blocked, id=13296, stack(0x000000c945f00000,0x000000c946000000)]
  0x000001d4e57f1800 JavaThread "Execution worker for ':' Thread 8" [_thread_blocked, id=14256, stack(0x000000c946000000,0x000000c946100000)]
  0x000001d4e57f2800 JavaThread "Execution worker for ':' Thread 9" [_thread_blocked, id=13536, stack(0x000000c946100000,0x000000c946200000)]
  0x000001d4e57f6800 JavaThread "Execution worker for ':' Thread 10" [_thread_blocked, id=1400, stack(0x000000c946200000,0x000000c946300000)]
  0x000001d4e57f4000 JavaThread "Execution worker for ':' Thread 11" [_thread_in_Java, id=10708, stack(0x000000c946300000,0x000000c946400000)]
  0x000001d4e57f5000 JavaThread "Cache worker for execution history cache (E:\test\.gradle\7.1.1\executionHistory)" [_thread_blocked, id=11976, stack(0x000000c946400000,0x000000c946500000)]
  0x000001d4e57f7800 JavaThread "Unconstrained build operations" [_thread_blocked, id=8016, stack(0x000000c946500000,0x000000c946600000)]
  0x000001d4e57f6000 JavaThread "Exec process" [_thread_blocked, id=5868, stack(0x000000c946600000,0x000000c946700000)]
  0x000001d4e57f8000 JavaThread "DisconnectableInputStream source reader" daemon [_thread_blocked, id=6372, stack(0x000000c946700000,0x000000c946800000)]
  0x000001d4e57f9000 JavaThread "Exec process Thread 2" [_thread_blocked, id=11256, stack(0x000000c946800000,0x000000c946900000)]
  0x000001d4e57f3800 JavaThread "Exec process Thread 3" [_thread_blocked, id=2972, stack(0x000000c946900000,0x000000c946a00000)]
  0x000001d4e97e8800 JavaThread "Exec process Thread 4" [_thread_blocked, id=6828, stack(0x000000c946a00000,0x000000c946b00000)]

Other Threads:
  0x000001d4e0c18800 VMThread "VM Thread" [stack: 0x000000c941c00000,0x000000c941d00000] [id=8244]
  0x000001d4e17b4800 WatcherThread [stack: 0x000000c942900000,0x000000c942a00000] [id=12896]
  0x000001d4c52f0000 GCTaskThread "GC Thread#0" [stack: 0x000000c941700000,0x000000c941800000] [id=11972]
  0x000001d4e25f8800 GCTaskThread "GC Thread#1" [stack: 0x000000c942b00000,0x000000c942c00000] [id=8200]
  0x000001d4e24d1800 GCTaskThread "GC Thread#2" [stack: 0x000000c942c00000,0x000000c942d00000] [id=5820]
  0x000001d4e25a1800 GCTaskThread "GC Thread#3" [stack: 0x000000c942d00000,0x000000c942e00000] [id=5532]
  0x000001d4e1cc8800 GCTaskThread "GC Thread#4" [stack: 0x000000c942e00000,0x000000c942f00000] [id=6060]
  0x000001d4e210d800 GCTaskThread "GC Thread#5" [stack: 0x000000c942f00000,0x000000c943000000] [id=5452]
  0x000001d4e40f6800 GCTaskThread "GC Thread#6" [stack: 0x000000c943d00000,0x000000c943e00000] [id=10996]
  0x000001d4e40f0800 GCTaskThread "GC Thread#7" [stack: 0x000000c943e00000,0x000000c943f00000] [id=1236]
  0x000001d4e40f4000 GCTaskThread "GC Thread#8" [stack: 0x000000c943f00000,0x000000c944000000] [id=14332]
  0x000001d4e40f1800 GCTaskThread "GC Thread#9" [stack: 0x000000c944000000,0x000000c944100000] [id=4500]
  0x000001d4c5303000 ConcurrentGCThread "G1 Main Marker" [stack: 0x000000c941800000,0x000000c941900000] [id=6500]
  0x000001d4c5305000 ConcurrentGCThread "G1 Conc#0" [stack: 0x000000c941900000,0x000000c941a00000] [id=7236]
  0x000001d4e40f8000 ConcurrentGCThread "G1 Conc#1" [stack: 0x000000c944100000,0x000000c944200000] [id=2592]
  0x000001d4e40f2000 ConcurrentGCThread "G1 Conc#2" [stack: 0x000000c944200000,0x000000c944300000] [id=12376]
  0x000001d4c53be000 ConcurrentGCThread "G1 Refine#0" [stack: 0x000000c941a00000,0x000000c941b00000] [id=2176]
  0x000001d4e0ab0800 ConcurrentGCThread "G1 Young RemSet Sampling" [stack: 0x000000c941b00000,0x000000c941c00000] [id=6988]

Threads with active compile tasks:
C2 CompilerThread0   5853 4771       4       java.net.URLClassLoader$1::run (5 bytes)
C2 CompilerThread1   5853 4864 %     4       groovy.lang.MetaClassImpl::inheritInterfaceNewMetaMethods @ 100 (195 bytes)

VM state:not at safepoint (normal execution)

VM Mutex/Monitor currently owned by a thread: None

Heap address: 0x00000000e0000000, size: 512 MB, Compressed Oops mode: 32-bit
Narrow klass base: 0x0000000000000000, Narrow klass shift: 3
Compressed class space size: 260046848 Address: 0x0000000100000000

Heap:
 garbage-first heap   total 262144K, used 153619K [0x00000000e0000000, 0x0000000100000000)
  region size 1024K, 135 young (138240K), 15 survivors (15360K)
 Metaspace       used 54982K, capacity 56683K, committed 56956K, reserved 303104K
  class space    used 7273K, capacity 7894K, committed 7936K, reserved 253952K
Heap Regions: E=young(eden), S=young(survivor), O=old, HS=humongous(starts), HC=humongous(continues), CS=collection set, F=free, A=archive, TAMS=top-at-mark-start (previous, next)
|   0|0x00000000e0000000, 0x00000000e0100000, 0x00000000e0100000|100%| O|  |TAMS 0x00000000e0100000, 0x00000000e0000000| Untracked 
|   1|0x00000000e0100000, 0x00000000e0200000, 0x00000000e0200000|100%| O|  |TAMS 0x00000000e0200000, 0x00000000e0100000| Untracked 
|   2|0x00000000e0200000, 0x00000000e0300000, 0x00000000e0300000|100%| O|  |TAMS 0x00000000e0300000, 0x00000000e0200000| Untracked 
|   3|0x00000000e0300000, 0x00000000e0400000, 0x00000000e0400000|100%|HS|  |TAMS 0x00000000e0400000, 0x00000000e0300000| Complete 
|   4|0x00000000e0400000, 0x00000000e0500000, 0x00000000e0500000|100%|HC|  |TAMS 0x00000000e0500000, 0x00000000e0400000| Complete 
|   5|0x00000000e0500000, 0x00000000e0600000, 0x00000000e0600000|100%|HC|  |TAMS 0x00000000e0600000, 0x00000000e0500000| Complete 
|   6|0x00000000e0600000, 0x00000000e0700000, 0x00000000e0700000|100%| O|  |TAMS 0x00000000e0700000, 0x00000000e0600000| Untracked 
|   7|0x00000000e0700000, 0x00000000e0800000, 0x00000000e0800000|100%| O|  |TAMS 0x00000000e0800000, 0x00000000e0700000| Untracked 
|   8|0x00000000e0800000, 0x00000000e0900000, 0x00000000e0900000|100%| O|  |TAMS 0x00000000e0900000, 0x00000000e0800000| Untracked 
|   9|0x00000000e0900000, 0x00000000e0a00000, 0x00000000e0a00000|100%| O|  |TAMS 0x00000000e0a00000, 0x00000000e0900000| Untracked 
|  10|0x00000000e0a00000, 0x00000000e0b00000, 0x00000000e0b00000|100%| O|  |TAMS 0x00000000e0b00000, 0x00000000e0a00000| Untracked 
|  11|0x00000000e0b00000, 0x00000000e0c00000, 0x00000000e0c00000|100%| O|  |TAMS 0x00000000e0c00000, 0x00000000e0b00000| Untracked 
|  12|0x00000000e0c00000, 0x00000000e0d00000, 0x00000000e0d00000|100%| O|  |TAMS 0x00000000e0d00000, 0x00000000e0c00000| Untracked 
|  13|0x00000000e0d00000, 0x00000000e0e00000, 0x00000000e0e00000|100%| O|  |TAMS 0x00000000e0e00000, 0x00000000e0d00000| Untracked 
|  14|0x00000000e0e00000, 0x00000000e0f00000, 0x00000000e0f00000|100%| O|  |TAMS 0x00000000e0f00000, 0x00000000e0e00000| Untracked 
|  15|0x00000000e0f00000, 0x00000000e1000000, 0x00000000e1000000|100%| O|  |TAMS 0x00000000e1000000, 0x00000000e0f00000| Untracked 
|  16|0x00000000e1000000, 0x00000000e1065c00, 0x00000000e1100000| 39%| O|  |TAMS 0x00000000e1065c00, 0x00000000e1000000| Untracked 
|  17|0x00000000e1100000, 0x00000000e1100000, 0x00000000e1200000|  0%| F|  |TAMS 0x00000000e1100000, 0x00000000e1100000| Untracked 
|  18|0x00000000e1200000, 0x00000000e1200000, 0x00000000e1300000|  0%| F|  |TAMS 0x00000000e1200000, 0x00000000e1200000| Untracked 
|  19|0x00000000e1300000, 0x00000000e1300000, 0x00000000e1400000|  0%| F|  |TAMS 0x00000000e1300000, 0x00000000e1300000| Untracked 
|  20|0x00000000e1400000, 0x00000000e1400000, 0x00000000e1500000|  0%| F|  |TAMS 0x00000000e1400000, 0x00000000e1400000| Untracked 
|  21|0x00000000e1500000, 0x00000000e1500000, 0x00000000e1600000|  0%| F|  |TAMS 0x00000000e1500000, 0x00000000e1500000| Untracked 
|  22|0x00000000e1600000, 0x00000000e1600000, 0x00000000e1700000|  0%| F|  |TAMS 0x00000000e1600000, 0x00000000e1600000| Untracked 
|  23|0x00000000e1700000, 0x00000000e1700000, 0x00000000e1800000|  0%| F|  |TAMS 0x00000000e1700000, 0x00000000e1700000| Untracked 
|  24|0x00000000e1800000, 0x00000000e1800000, 0x00000000e1900000|  0%| F|  |TAMS 0x00000000e1800000, 0x00000000e1800000| Untracked 
|  25|0x00000000e1900000, 0x00000000e1900000, 0x00000000e1a00000|  0%| F|  |TAMS 0x00000000e1900000, 0x00000000e1900000| Untracked 
|  26|0x00000000e1a00000, 0x00000000e1a00000, 0x00000000e1b00000|  0%| F|  |TAMS 0x00000000e1a00000, 0x00000000e1a00000| Untracked 
|  27|0x00000000e1b00000, 0x00000000e1b00000, 0x00000000e1c00000|  0%| F|  |TAMS 0x00000000e1b00000, 0x00000000e1b00000| Untracked 
|  28|0x00000000e1c00000, 0x00000000e1c00000, 0x00000000e1d00000|  0%| F|  |TAMS 0x00000000e1c00000, 0x00000000e1c00000| Untracked 
|  29|0x00000000e1d00000, 0x00000000e1d00000, 0x00000000e1e00000|  0%| F|  |TAMS 0x00000000e1d00000, 0x00000000e1d00000| Untracked 
|  30|0x00000000e1e00000, 0x00000000e1e00000, 0x00000000e1f00000|  0%| F|  |TAMS 0x00000000e1e00000, 0x00000000e1e00000| Untracked 
|  31|0x00000000e1f00000, 0x00000000e1f00000, 0x00000000e2000000|  0%| F|  |TAMS 0x00000000e1f00000, 0x00000000e1f00000| Untracked 
|  32|0x00000000e2000000, 0x00000000e2000000, 0x00000000e2100000|  0%| F|  |TAMS 0x00000000e2000000, 0x00000000e2000000| Untracked 
|  33|0x00000000e2100000, 0x00000000e2100000, 0x00000000e2200000|  0%| F|  |TAMS 0x00000000e2100000, 0x00000000e2100000| Untracked 
|  34|0x00000000e2200000, 0x00000000e2200000, 0x00000000e2300000|  0%| F|  |TAMS 0x00000000e2200000, 0x00000000e2200000| Untracked 
|  35|0x00000000e2300000, 0x00000000e2300000, 0x00000000e2400000|  0%| F|  |TAMS 0x00000000e2300000, 0x00000000e2300000| Untracked 
|  36|0x00000000e2400000, 0x00000000e2400000, 0x00000000e2500000|  0%| F|  |TAMS 0x00000000e2400000, 0x00000000e2400000| Untracked 
|  37|0x00000000e2500000, 0x00000000e2500000, 0x00000000e2600000|  0%| F|  |TAMS 0x00000000e2500000, 0x00000000e2500000| Untracked 
|  38|0x00000000e2600000, 0x00000000e2600000, 0x00000000e2700000|  0%| F|  |TAMS 0x00000000e2600000, 0x00000000e2600000| Untracked 
|  39|0x00000000e2700000, 0x00000000e2700000, 0x00000000e2800000|  0%| F|  |TAMS 0x00000000e2700000, 0x00000000e2700000| Untracked 
|  40|0x00000000e2800000, 0x00000000e2800000, 0x00000000e2900000|  0%| F|  |TAMS 0x00000000e2800000, 0x00000000e2800000| Untracked 
|  41|0x00000000e2900000, 0x00000000e2900000, 0x00000000e2a00000|  0%| F|  |TAMS 0x00000000e2900000, 0x00000000e2900000| Untracked 
|  42|0x00000000e2a00000, 0x00000000e2a00000, 0x00000000e2b00000|  0%| F|  |TAMS 0x00000000e2a00000, 0x00000000e2a00000| Untracked 
|  43|0x00000000e2b00000, 0x00000000e2b00000, 0x00000000e2c00000|  0%| F|  |TAMS 0x00000000e2b00000, 0x00000000e2b00000| Untracked 
|  44|0x00000000e2c00000, 0x00000000e2c00000, 0x00000000e2d00000|  0%| F|  |TAMS 0x00000000e2c00000, 0x00000000e2c00000| Untracked 
|  45|0x00000000e2d00000, 0x00000000e2d00000, 0x00000000e2e00000|  0%| F|  |TAMS 0x00000000e2d00000, 0x00000000e2d00000| Untracked 
|  46|0x00000000e2e00000, 0x00000000e2e00000, 0x00000000e2f00000|  0%| F|  |TAMS 0x00000000e2e00000, 0x00000000e2e00000| Untracked 
|  47|0x00000000e2f00000, 0x00000000e2f00000, 0x00000000e3000000|  0%| F|  |TAMS 0x00000000e2f00000, 0x00000000e2f00000| Untracked 
|  48|0x00000000e3000000, 0x00000000e3000000, 0x00000000e3100000|  0%| F|  |TAMS 0x00000000e3000000, 0x00000000e3000000| Untracked 
|  49|0x00000000e3100000, 0x00000000e3100000, 0x00000000e3200000|  0%| F|  |TAMS 0x00000000e3100000, 0x00000000e3100000| Untracked 
|  50|0x00000000e3200000, 0x00000000e3200000, 0x00000000e3300000|  0%| F|  |TAMS 0x00000000e3200000, 0x00000000e3200000| Untracked 
|  51|0x00000000e3300000, 0x00000000e3300000, 0x00000000e3400000|  0%| F|  |TAMS 0x00000000e3300000, 0x00000000e3300000| Untracked 
|  52|0x00000000e3400000, 0x00000000e3400000, 0x00000000e3500000|  0%| F|  |TAMS 0x00000000e3400000, 0x00000000e3400000| Untracked 
|  53|0x00000000e3500000, 0x00000000e3500000, 0x00000000e3600000|  0%| F|  |TAMS 0x00000000e3500000, 0x00000000e3500000| Untracked 
|  54|0x00000000e3600000, 0x00000000e3600000, 0x00000000e3700000|  0%| F|  |TAMS 0x00000000e3600000, 0x00000000e3600000| Untracked 
|  55|0x00000000e3700000, 0x00000000e3700000, 0x00000000e3800000|  0%| F|  |TAMS 0x00000000e3700000, 0x00000000e3700000| Untracked 
|  56|0x00000000e3800000, 0x00000000e3800000, 0x00000000e3900000|  0%| F|  |TAMS 0x00000000e3800000, 0x00000000e3800000| Untracked 
|  57|0x00000000e3900000, 0x00000000e3900000, 0x00000000e3a00000|  0%| F|  |TAMS 0x00000000e3900000, 0x00000000e3900000| Untracked 
|  58|0x00000000e3a00000, 0x00000000e3a00000, 0x00000000e3b00000|  0%| F|  |TAMS 0x00000000e3a00000, 0x00000000e3a00000| Untracked 
|  59|0x00000000e3b00000, 0x00000000e3b00000, 0x00000000e3c00000|  0%| F|  |TAMS 0x00000000e3b00000, 0x00000000e3b00000| Untracked 
|  60|0x00000000e3c00000, 0x00000000e3c00000, 0x00000000e3d00000|  0%| F|  |TAMS 0x00000000e3c00000, 0x00000000e3c00000| Untracked 
|  61|0x00000000e3d00000, 0x00000000e3d00000, 0x00000000e3e00000|  0%| F|  |TAMS 0x00000000e3d00000, 0x00000000e3d00000| Untracked 
|  62|0x00000000e3e00000, 0x00000000e3e00000, 0x00000000e3f00000|  0%| F|  |TAMS 0x00000000e3e00000, 0x00000000e3e00000| Untracked 
|  63|0x00000000e3f00000, 0x00000000e3f00000, 0x00000000e4000000|  0%| F|  |TAMS 0x00000000e3f00000, 0x00000000e3f00000| Untracked 
|  64|0x00000000e4000000, 0x00000000e4000000, 0x00000000e4100000|  0%| F|  |TAMS 0x00000000e4000000, 0x00000000e4000000| Untracked 
|  65|0x00000000e4100000, 0x00000000e4100000, 0x00000000e4200000|  0%| F|  |TAMS 0x00000000e4100000, 0x00000000e4100000| Untracked 
|  66|0x00000000e4200000, 0x00000000e4200000, 0x00000000e4300000|  0%| F|  |TAMS 0x00000000e4200000, 0x00000000e4200000| Untracked 
|  67|0x00000000e4300000, 0x00000000e4300000, 0x00000000e4400000|  0%| F|  |TAMS 0x00000000e4300000, 0x00000000e4300000| Untracked 
|  68|0x00000000e4400000, 0x00000000e4400000, 0x00000000e4500000|  0%| F|  |TAMS 0x00000000e4400000, 0x00000000e4400000| Untracked 
|  69|0x00000000e4500000, 0x00000000e4500000, 0x00000000e4600000|  0%| F|  |TAMS 0x00000000e4500000, 0x00000000e4500000| Untracked 
|  70|0x00000000e4600000, 0x00000000e4600000, 0x00000000e4700000|  0%| F|  |TAMS 0x00000000e4600000, 0x00000000e4600000| Untracked 
|  71|0x00000000e4700000, 0x00000000e4700000, 0x00000000e4800000|  0%| F|  |TAMS 0x00000000e4700000, 0x00000000e4700000| Untracked 
|  72|0x00000000e4800000, 0x00000000e4800000, 0x00000000e4900000|  0%| F|  |TAMS 0x00000000e4800000, 0x00000000e4800000| Untracked 
|  73|0x00000000e4900000, 0x00000000e4900000, 0x00000000e4a00000|  0%| F|  |TAMS 0x00000000e4900000, 0x00000000e4900000| Untracked 
|  74|0x00000000e4a00000, 0x00000000e4a00000, 0x00000000e4b00000|  0%| F|  |TAMS 0x00000000e4a00000, 0x00000000e4a00000| Untracked 
|  75|0x00000000e4b00000, 0x00000000e4b00000, 0x00000000e4c00000|  0%| F|  |TAMS 0x00000000e4b00000, 0x00000000e4b00000| Untracked 
|  76|0x00000000e4c00000, 0x00000000e4c00000, 0x00000000e4d00000|  0%| F|  |TAMS 0x00000000e4c00000, 0x00000000e4c00000| Untracked 
|  77|0x00000000e4d00000, 0x00000000e4d00000, 0x00000000e4e00000|  0%| F|  |TAMS 0x00000000e4d00000, 0x00000000e4d00000| Untracked 
|  78|0x00000000e4e00000, 0x00000000e4e00000, 0x00000000e4f00000|  0%| F|  |TAMS 0x00000000e4e00000, 0x00000000e4e00000| Untracked 
|  79|0x00000000e4f00000, 0x00000000e4f00000, 0x00000000e5000000|  0%| F|  |TAMS 0x00000000e4f00000, 0x00000000e4f00000| Untracked 
|  80|0x00000000e5000000, 0x00000000e5000000, 0x00000000e5100000|  0%| F|  |TAMS 0x00000000e5000000, 0x00000000e5000000| Untracked 
|  81|0x00000000e5100000, 0x00000000e5100000, 0x00000000e5200000|  0%| F|  |TAMS 0x00000000e5100000, 0x00000000e5100000| Untracked 
|  82|0x00000000e5200000, 0x00000000e5200000, 0x00000000e5300000|  0%| F|  |TAMS 0x00000000e5200000, 0x00000000e5200000| Untracked 
|  83|0x00000000e5300000, 0x00000000e5300000, 0x00000000e5400000|  0%| F|  |TAMS 0x00000000e5300000, 0x00000000e5300000| Untracked 
|  84|0x00000000e5400000, 0x00000000e5400000, 0x00000000e5500000|  0%| F|  |TAMS 0x00000000e5400000, 0x00000000e5400000| Untracked 
|  85|0x00000000e5500000, 0x00000000e5500000, 0x00000000e5600000|  0%| F|  |TAMS 0x00000000e5500000, 0x00000000e5500000| Untracked 
|  86|0x00000000e5600000, 0x00000000e5600000, 0x00000000e5700000|  0%| F|  |TAMS 0x00000000e5600000, 0x00000000e5600000| Untracked 
|  87|0x00000000e5700000, 0x00000000e5700000, 0x00000000e5800000|  0%| F|  |TAMS 0x00000000e5700000, 0x00000000e5700000| Untracked 
|  88|0x00000000e5800000, 0x00000000e5800000, 0x00000000e5900000|  0%| F|  |TAMS 0x00000000e5800000, 0x00000000e5800000| Untracked 
|  89|0x00000000e5900000, 0x00000000e5900000, 0x00000000e5a00000|  0%| F|  |TAMS 0x00000000e5900000, 0x00000000e5900000| Untracked 
|  90|0x00000000e5a00000, 0x00000000e5a00000, 0x00000000e5b00000|  0%| F|  |TAMS 0x00000000e5a00000, 0x00000000e5a00000| Untracked 
|  91|0x00000000e5b00000, 0x00000000e5b00000, 0x00000000e5c00000|  0%| F|  |TAMS 0x00000000e5b00000, 0x00000000e5b00000| Untracked 
|  92|0x00000000e5c00000, 0x00000000e5c9f010, 0x00000000e5d00000| 62%| S|CS|TAMS 0x00000000e5c00000, 0x00000000e5c00000| Complete 
|  93|0x00000000e5d00000, 0x00000000e5e00000, 0x00000000e5e00000|100%| S|CS|TAMS 0x00000000e5d00000, 0x00000000e5d00000| Complete 
|  94|0x00000000e5e00000, 0x00000000e5f00000, 0x00000000e5f00000|100%| S|CS|TAMS 0x00000000e5e00000, 0x00000000e5e00000| Complete 
|  95|0x00000000e5f00000, 0x00000000e6000000, 0x00000000e6000000|100%| S|CS|TAMS 0x00000000e5f00000, 0x00000000e5f00000| Complete 
|  96|0x00000000e6000000, 0x00000000e6100000, 0x00000000e6100000|100%| S|CS|TAMS 0x00000000e6000000, 0x00000000e6000000| Complete 
|  97|0x00000000e6100000, 0x00000000e6200000, 0x00000000e6200000|100%| S|CS|TAMS 0x00000000e6100000, 0x00000000e6100000| Complete 
|  98|0x00000000e6200000, 0x00000000e6300000, 0x00000000e6300000|100%| S|CS|TAMS 0x00000000e6200000, 0x00000000e6200000| Complete 
|  99|0x00000000e6300000, 0x00000000e6400000, 0x00000000e6400000|100%| S|CS|TAMS 0x00000000e6300000, 0x00000000e6300000| Complete 
| 100|0x00000000e6400000, 0x00000000e6500000, 0x00000000e6500000|100%| S|CS|TAMS 0x00000000e6400000, 0x00000000e6400000| Complete 
| 101|0x00000000e6500000, 0x00000000e6600000, 0x00000000e6600000|100%| S|CS|TAMS 0x00000000e6500000, 0x00000000e6500000| Complete 
| 102|0x00000000e6600000, 0x00000000e6700000, 0x00000000e6700000|100%| S|CS|TAMS 0x00000000e6600000, 0x00000000e6600000| Complete 
| 103|0x00000000e6700000, 0x00000000e6800000, 0x00000000e6800000|100%| S|CS|TAMS 0x00000000e6700000, 0x00000000e6700000| Complete 
| 104|0x00000000e6800000, 0x00000000e6900000, 0x00000000e6900000|100%| S|CS|TAMS 0x00000000e6800000, 0x00000000e6800000| Complete 
| 105|0x00000000e6900000, 0x00000000e6a00000, 0x00000000e6a00000|100%| S|CS|TAMS 0x00000000e6900000, 0x00000000e6900000| Complete 
| 106|0x00000000e6a00000, 0x00000000e6b00000, 0x00000000e6b00000|100%| S|CS|TAMS 0x00000000e6a00000, 0x00000000e6a00000| Complete 
| 107|0x00000000e6b00000, 0x00000000e6b00000, 0x00000000e6c00000|  0%| F|  |TAMS 0x00000000e6b00000, 0x00000000e6b00000| Untracked 
| 108|0x00000000e6c00000, 0x00000000e6c00000, 0x00000000e6d00000|  0%| F|  |TAMS 0x00000000e6c00000, 0x00000000e6c00000| Untracked 
| 109|0x00000000e6d00000, 0x00000000e6d00000, 0x00000000e6e00000|  0%| F|  |TAMS 0x00000000e6d00000, 0x00000000e6d00000| Untracked 
| 110|0x00000000e6e00000, 0x00000000e6e00000, 0x00000000e6f00000|  0%| F|  |TAMS 0x00000000e6e00000, 0x00000000e6e00000| Untracked 
| 111|0x00000000e6f00000, 0x00000000e6f00000, 0x00000000e7000000|  0%| F|  |TAMS 0x00000000e6f00000, 0x00000000e6f00000| Untracked 
| 112|0x00000000e7000000, 0x00000000e7000000, 0x00000000e7100000|  0%| F|  |TAMS 0x00000000e7000000, 0x00000000e7000000| Untracked 
| 113|0x00000000e7100000, 0x00000000e7100000, 0x00000000e7200000|  0%| F|  |TAMS 0x00000000e7100000, 0x00000000e7100000| Untracked 
| 114|0x00000000e7200000, 0x00000000e7200000, 0x00000000e7300000|  0%| F|  |TAMS 0x00000000e7200000, 0x00000000e7200000| Untracked 
| 115|0x00000000e7300000, 0x00000000e7300000, 0x00000000e7400000|  0%| F|  |TAMS 0x00000000e7300000, 0x00000000e7300000| Untracked 
| 116|0x00000000e7400000, 0x00000000e7400000, 0x00000000e7500000|  0%| F|  |TAMS 0x00000000e7400000, 0x00000000e7400000| Untracked 
| 117|0x00000000e7500000, 0x00000000e7500000, 0x00000000e7600000|  0%| F|  |TAMS 0x00000000e7500000, 0x00000000e7500000| Untracked 
| 118|0x00000000e7600000, 0x00000000e7600000, 0x00000000e7700000|  0%| F|  |TAMS 0x00000000e7600000, 0x00000000e7600000| Untracked 
| 119|0x00000000e7700000, 0x00000000e7700000, 0x00000000e7800000|  0%| F|  |TAMS 0x00000000e7700000, 0x00000000e7700000| Untracked 
| 120|0x00000000e7800000, 0x00000000e7800000, 0x00000000e7900000|  0%| F|  |TAMS 0x00000000e7800000, 0x00000000e7800000| Untracked 
| 121|0x00000000e7900000, 0x00000000e7900000, 0x00000000e7a00000|  0%| F|  |TAMS 0x00000000e7900000, 0x00000000e7900000| Untracked 
| 122|0x00000000e7a00000, 0x00000000e7a00000, 0x00000000e7b00000|  0%| F|  |TAMS 0x00000000e7a00000, 0x00000000e7a00000| Untracked 
| 123|0x00000000e7b00000, 0x00000000e7b00000, 0x00000000e7c00000|  0%| F|  |TAMS 0x00000000e7b00000, 0x00000000e7b00000| Untracked 
| 124|0x00000000e7c00000, 0x00000000e7c00000, 0x00000000e7d00000|  0%| F|  |TAMS 0x00000000e7c00000, 0x00000000e7c00000| Untracked 
| 125|0x00000000e7d00000, 0x00000000e7d00000, 0x00000000e7e00000|  0%| F|  |TAMS 0x00000000e7d00000, 0x00000000e7d00000| Untracked 
| 126|0x00000000e7e00000, 0x00000000e7e00000, 0x00000000e7f00000|  0%| F|  |TAMS 0x00000000e7e00000, 0x00000000e7e00000| Untracked 
| 127|0x00000000e7f00000, 0x00000000e7f00000, 0x00000000e8000000|  0%| F|  |TAMS 0x00000000e7f00000, 0x00000000e7f00000| Untracked 
| 128|0x00000000e8000000, 0x00000000e8000000, 0x00000000e8100000|  0%| F|  |TAMS 0x00000000e8000000, 0x00000000e8000000| Untracked 
| 129|0x00000000e8100000, 0x00000000e8100000, 0x00000000e8200000|  0%| F|  |TAMS 0x00000000e8100000, 0x00000000e8100000| Untracked 
| 130|0x00000000e8200000, 0x00000000e8200000, 0x00000000e8300000|  0%| F|  |TAMS 0x00000000e8200000, 0x00000000e8200000| Untracked 
| 131|0x00000000e8300000, 0x00000000e8300000, 0x00000000e8400000|  0%| F|  |TAMS 0x00000000e8300000, 0x00000000e8300000| Untracked 
| 132|0x00000000e8400000, 0x00000000e8400000, 0x00000000e8500000|  0%| F|  |TAMS 0x00000000e8400000, 0x00000000e8400000| Untracked 
| 133|0x00000000e8500000, 0x00000000e8500000, 0x00000000e8600000|  0%| F|  |TAMS 0x00000000e8500000, 0x00000000e8500000| Untracked 
| 134|0x00000000e8600000, 0x00000000e8600000, 0x00000000e8700000|  0%| F|  |TAMS 0x00000000e8600000, 0x00000000e8600000| Untracked 
| 135|0x00000000e8700000, 0x00000000e8700000, 0x00000000e8800000|  0%| F|  |TAMS 0x00000000e8700000, 0x00000000e8700000| Untracked 
| 136|0x00000000e8800000, 0x00000000e88e3258, 0x00000000e8900000| 88%| E|  |TAMS 0x00000000e8800000, 0x00000000e8800000| Complete 
| 137|0x00000000e8900000, 0x00000000e8a00000, 0x00000000e8a00000|100%| E|CS|TAMS 0x00000000e8900000, 0x00000000e8900000| Complete 
| 138|0x00000000e8a00000, 0x00000000e8b00000, 0x00000000e8b00000|100%| E|CS|TAMS 0x00000000e8a00000, 0x00000000e8a00000| Complete 
| 139|0x00000000e8b00000, 0x00000000e8c00000, 0x00000000e8c00000|100%| E|CS|TAMS 0x00000000e8b00000, 0x00000000e8b00000| Complete 
| 140|0x00000000e8c00000, 0x00000000e8d00000, 0x00000000e8d00000|100%| E|CS|TAMS 0x00000000e8c00000, 0x00000000e8c00000| Complete 
| 141|0x00000000e8d00000, 0x00000000e8e00000, 0x00000000e8e00000|100%| E|CS|TAMS 0x00000000e8d00000, 0x00000000e8d00000| Complete 
| 142|0x00000000e8e00000, 0x00000000e8f00000, 0x00000000e8f00000|100%| E|CS|TAMS 0x00000000e8e00000, 0x00000000e8e00000| Complete 
| 143|0x00000000e8f00000, 0x00000000e9000000, 0x00000000e9000000|100%| E|CS|TAMS 0x00000000e8f00000, 0x00000000e8f00000| Complete 
| 144|0x00000000e9000000, 0x00000000e9100000, 0x00000000e9100000|100%| E|CS|TAMS 0x00000000e9000000, 0x00000000e9000000| Complete 
| 145|0x00000000e9100000, 0x00000000e9200000, 0x00000000e9200000|100%| E|CS|TAMS 0x00000000e9100000, 0x00000000e9100000| Complete 
| 146|0x00000000e9200000, 0x00000000e9300000, 0x00000000e9300000|100%| E|CS|TAMS 0x00000000e9200000, 0x00000000e9200000| Complete 
| 147|0x00000000e9300000, 0x00000000e9400000, 0x00000000e9400000|100%| E|CS|TAMS 0x00000000e9300000, 0x00000000e9300000| Complete 
| 148|0x00000000e9400000, 0x00000000e9500000, 0x00000000e9500000|100%| E|CS|TAMS 0x00000000e9400000, 0x00000000e9400000| Complete 
| 149|0x00000000e9500000, 0x00000000e9600000, 0x00000000e9600000|100%| E|CS|TAMS 0x00000000e9500000, 0x00000000e9500000| Complete 
| 150|0x00000000e9600000, 0x00000000e9700000, 0x00000000e9700000|100%| E|CS|TAMS 0x00000000e9600000, 0x00000000e9600000| Complete 
| 151|0x00000000e9700000, 0x00000000e9800000, 0x00000000e9800000|100%| E|CS|TAMS 0x00000000e9700000, 0x00000000e9700000| Complete 
| 152|0x00000000e9800000, 0x00000000e9900000, 0x00000000e9900000|100%| E|CS|TAMS 0x00000000e9800000, 0x00000000e9800000| Complete 
| 153|0x00000000e9900000, 0x00000000e9a00000, 0x00000000e9a00000|100%| E|CS|TAMS 0x00000000e9900000, 0x00000000e9900000| Complete 
| 154|0x00000000e9a00000, 0x00000000e9b00000, 0x00000000e9b00000|100%| E|CS|TAMS 0x00000000e9a00000, 0x00000000e9a00000| Complete 
| 155|0x00000000e9b00000, 0x00000000e9c00000, 0x00000000e9c00000|100%| E|CS|TAMS 0x00000000e9b00000, 0x00000000e9b00000| Complete 
| 156|0x00000000e9c00000, 0x00000000e9d00000, 0x00000000e9d00000|100%| E|CS|TAMS 0x00000000e9c00000, 0x00000000e9c00000| Complete 
| 157|0x00000000e9d00000, 0x00000000e9e00000, 0x00000000e9e00000|100%| E|CS|TAMS 0x00000000e9d00000, 0x00000000e9d00000| Complete 
| 158|0x00000000e9e00000, 0x00000000e9f00000, 0x00000000e9f00000|100%| E|CS|TAMS 0x00000000e9e00000, 0x00000000e9e00000| Complete 
| 159|0x00000000e9f00000, 0x00000000ea000000, 0x00000000ea000000|100%| E|CS|TAMS 0x00000000e9f00000, 0x00000000e9f00000| Complete 
| 160|0x00000000ea000000, 0x00000000ea100000, 0x00000000ea100000|100%| E|CS|TAMS 0x00000000ea000000, 0x00000000ea000000| Complete 
| 161|0x00000000ea100000, 0x00000000ea200000, 0x00000000ea200000|100%| E|CS|TAMS 0x00000000ea100000, 0x00000000ea100000| Complete 
| 162|0x00000000ea200000, 0x00000000ea300000, 0x00000000ea300000|100%| E|CS|TAMS 0x00000000ea200000, 0x00000000ea200000| Complete 
| 163|0x00000000ea300000, 0x00000000ea400000, 0x00000000ea400000|100%| E|CS|TAMS 0x00000000ea300000, 0x00000000ea300000| Complete 
| 164|0x00000000ea400000, 0x00000000ea500000, 0x00000000ea500000|100%| E|CS|TAMS 0x00000000ea400000, 0x00000000ea400000| Complete 
| 165|0x00000000ea500000, 0x00000000ea600000, 0x00000000ea600000|100%| E|CS|TAMS 0x00000000ea500000, 0x00000000ea500000| Complete 
| 166|0x00000000ea600000, 0x00000000ea700000, 0x00000000ea700000|100%| E|CS|TAMS 0x00000000ea600000, 0x00000000ea600000| Complete 
| 167|0x00000000ea700000, 0x00000000ea800000, 0x00000000ea800000|100%| E|CS|TAMS 0x00000000ea700000, 0x00000000ea700000| Complete 
| 168|0x00000000ea800000, 0x00000000ea900000, 0x00000000ea900000|100%| E|CS|TAMS 0x00000000ea800000, 0x00000000ea800000| Complete 
| 169|0x00000000ea900000, 0x00000000eaa00000, 0x00000000eaa00000|100%| E|CS|TAMS 0x00000000ea900000, 0x00000000ea900000| Complete 
| 170|0x00000000eaa00000, 0x00000000eab00000, 0x00000000eab00000|100%| E|CS|TAMS 0x00000000eaa00000, 0x00000000eaa00000| Complete 
| 171|0x00000000eab00000, 0x00000000eac00000, 0x00000000eac00000|100%| E|CS|TAMS 0x00000000eab00000, 0x00000000eab00000| Complete 
| 172|0x00000000eac00000, 0x00000000ead00000, 0x00000000ead00000|100%| E|CS|TAMS 0x00000000eac00000, 0x00000000eac00000| Complete 
| 173|0x00000000ead00000, 0x00000000eae00000, 0x00000000eae00000|100%| E|CS|TAMS 0x00000000ead00000, 0x00000000ead00000| Complete 
| 174|0x00000000eae00000, 0x00000000eaf00000, 0x00000000eaf00000|100%| E|CS|TAMS 0x00000000eae00000, 0x00000000eae00000| Complete 
| 175|0x00000000eaf00000, 0x00000000eb000000, 0x00000000eb000000|100%| E|CS|TAMS 0x00000000eaf00000, 0x00000000eaf00000| Complete 
| 176|0x00000000eb000000, 0x00000000eb100000, 0x00000000eb100000|100%| E|CS|TAMS 0x00000000eb000000, 0x00000000eb000000| Complete 
| 177|0x00000000eb100000, 0x00000000eb200000, 0x00000000eb200000|100%| E|CS|TAMS 0x00000000eb100000, 0x00000000eb100000| Complete 
| 178|0x00000000eb200000, 0x00000000eb300000, 0x00000000eb300000|100%| E|CS|TAMS 0x00000000eb200000, 0x00000000eb200000| Complete 
| 179|0x00000000eb300000, 0x00000000eb400000, 0x00000000eb400000|100%| E|CS|TAMS 0x00000000eb300000, 0x00000000eb300000| Complete 
| 180|0x00000000eb400000, 0x00000000eb500000, 0x00000000eb500000|100%| E|CS|TAMS 0x00000000eb400000, 0x00000000eb400000| Complete 
| 181|0x00000000eb500000, 0x00000000eb600000, 0x00000000eb600000|100%| E|CS|TAMS 0x00000000eb500000, 0x00000000eb500000| Complete 
| 182|0x00000000eb600000, 0x00000000eb700000, 0x00000000eb700000|100%| E|CS|TAMS 0x00000000eb600000, 0x00000000eb600000| Complete 
| 183|0x00000000eb700000, 0x00000000eb800000, 0x00000000eb800000|100%| E|CS|TAMS 0x00000000eb700000, 0x00000000eb700000| Complete 
| 184|0x00000000eb800000, 0x00000000eb900000, 0x00000000eb900000|100%| E|CS|TAMS 0x00000000eb800000, 0x00000000eb800000| Complete 
| 185|0x00000000eb900000, 0x00000000eba00000, 0x00000000eba00000|100%| E|CS|TAMS 0x00000000eb900000, 0x00000000eb900000| Complete 
| 186|0x00000000eba00000, 0x00000000ebb00000, 0x00000000ebb00000|100%| E|CS|TAMS 0x00000000eba00000, 0x00000000eba00000| Complete 
| 187|0x00000000ebb00000, 0x00000000ebc00000, 0x00000000ebc00000|100%| E|CS|TAMS 0x00000000ebb00000, 0x00000000ebb00000| Complete 
| 188|0x00000000ebc00000, 0x00000000ebd00000, 0x00000000ebd00000|100%| E|CS|TAMS 0x00000000ebc00000, 0x00000000ebc00000| Complete 
| 189|0x00000000ebd00000, 0x00000000ebe00000, 0x00000000ebe00000|100%| E|CS|TAMS 0x00000000ebd00000, 0x00000000ebd00000| Complete 
| 190|0x00000000ebe00000, 0x00000000ebf00000, 0x00000000ebf00000|100%| E|CS|TAMS 0x00000000ebe00000, 0x00000000ebe00000| Complete 
| 191|0x00000000ebf00000, 0x00000000ec000000, 0x00000000ec000000|100%| E|CS|TAMS 0x00000000ebf00000, 0x00000000ebf00000| Complete 
| 192|0x00000000ec000000, 0x00000000ec100000, 0x00000000ec100000|100%| E|CS|TAMS 0x00000000ec000000, 0x00000000ec000000| Complete 
| 193|0x00000000ec100000, 0x00000000ec200000, 0x00000000ec200000|100%| E|CS|TAMS 0x00000000ec100000, 0x00000000ec100000| Complete 
| 194|0x00000000ec200000, 0x00000000ec300000, 0x00000000ec300000|100%| E|CS|TAMS 0x00000000ec200000, 0x00000000ec200000| Complete 
| 195|0x00000000ec300000, 0x00000000ec400000, 0x00000000ec400000|100%| E|CS|TAMS 0x00000000ec300000, 0x00000000ec300000| Complete 
| 196|0x00000000ec400000, 0x00000000ec500000, 0x00000000ec500000|100%| E|CS|TAMS 0x00000000ec400000, 0x00000000ec400000| Complete 
| 197|0x00000000ec500000, 0x00000000ec600000, 0x00000000ec600000|100%| E|CS|TAMS 0x00000000ec500000, 0x00000000ec500000| Complete 
| 198|0x00000000ec600000, 0x00000000ec700000, 0x00000000ec700000|100%| E|CS|TAMS 0x00000000ec600000, 0x00000000ec600000| Complete 
| 199|0x00000000ec700000, 0x00000000ec800000, 0x00000000ec800000|100%| E|CS|TAMS 0x00000000ec700000, 0x00000000ec700000| Complete 
| 200|0x00000000ec800000, 0x00000000ec900000, 0x00000000ec900000|100%| E|CS|TAMS 0x00000000ec800000, 0x00000000ec800000| Complete 
| 201|0x00000000ec900000, 0x00000000eca00000, 0x00000000eca00000|100%| E|CS|TAMS 0x00000000ec900000, 0x00000000ec900000| Complete 
| 202|0x00000000eca00000, 0x00000000ecb00000, 0x00000000ecb00000|100%| E|CS|TAMS 0x00000000eca00000, 0x00000000eca00000| Complete 
| 203|0x00000000ecb00000, 0x00000000ecc00000, 0x00000000ecc00000|100%| E|CS|TAMS 0x00000000ecb00000, 0x00000000ecb00000| Complete 
| 204|0x00000000ecc00000, 0x00000000ecd00000, 0x00000000ecd00000|100%| E|CS|TAMS 0x00000000ecc00000, 0x00000000ecc00000| Complete 
| 205|0x00000000ecd00000, 0x00000000ece00000, 0x00000000ece00000|100%| E|CS|TAMS 0x00000000ecd00000, 0x00000000ecd00000| Complete 
| 206|0x00000000ece00000, 0x00000000ecf00000, 0x00000000ecf00000|100%| E|CS|TAMS 0x00000000ece00000, 0x00000000ece00000| Complete 
| 207|0x00000000ecf00000, 0x00000000ed000000, 0x00000000ed000000|100%| E|CS|TAMS 0x00000000ecf00000, 0x00000000ecf00000| Complete 
| 208|0x00000000ed000000, 0x00000000ed100000, 0x00000000ed100000|100%| E|CS|TAMS 0x00000000ed000000, 0x00000000ed000000| Complete 
| 209|0x00000000ed100000, 0x00000000ed200000, 0x00000000ed200000|100%| E|CS|TAMS 0x00000000ed100000, 0x00000000ed100000| Complete 
| 210|0x00000000ed200000, 0x00000000ed300000, 0x00000000ed300000|100%| E|CS|TAMS 0x00000000ed200000, 0x00000000ed200000| Complete 
| 211|0x00000000ed300000, 0x00000000ed400000, 0x00000000ed400000|100%| E|CS|TAMS 0x00000000ed300000, 0x00000000ed300000| Complete 
| 212|0x00000000ed400000, 0x00000000ed500000, 0x00000000ed500000|100%| E|CS|TAMS 0x00000000ed400000, 0x00000000ed400000| Complete 
| 213|0x00000000ed500000, 0x00000000ed600000, 0x00000000ed600000|100%| E|CS|TAMS 0x00000000ed500000, 0x00000000ed500000| Complete 
| 214|0x00000000ed600000, 0x00000000ed700000, 0x00000000ed700000|100%| E|CS|TAMS 0x00000000ed600000, 0x00000000ed600000| Complete 
| 215|0x00000000ed700000, 0x00000000ed800000, 0x00000000ed800000|100%| E|CS|TAMS 0x00000000ed700000, 0x00000000ed700000| Complete 
| 216|0x00000000ed800000, 0x00000000ed900000, 0x00000000ed900000|100%| E|CS|TAMS 0x00000000ed800000, 0x00000000ed800000| Complete 
| 217|0x00000000ed900000, 0x00000000eda00000, 0x00000000eda00000|100%| E|CS|TAMS 0x00000000ed900000, 0x00000000ed900000| Complete 
| 218|0x00000000eda00000, 0x00000000edb00000, 0x00000000edb00000|100%| E|CS|TAMS 0x00000000eda00000, 0x00000000eda00000| Complete 
| 219|0x00000000edb00000, 0x00000000edc00000, 0x00000000edc00000|100%| E|CS|TAMS 0x00000000edb00000, 0x00000000edb00000| Complete 
| 220|0x00000000edc00000, 0x00000000edd00000, 0x00000000edd00000|100%| E|CS|TAMS 0x00000000edc00000, 0x00000000edc00000| Complete 
| 221|0x00000000edd00000, 0x00000000ede00000, 0x00000000ede00000|100%| E|CS|TAMS 0x00000000edd00000, 0x00000000edd00000| Complete 
| 222|0x00000000ede00000, 0x00000000edf00000, 0x00000000edf00000|100%| E|CS|TAMS 0x00000000ede00000, 0x00000000ede00000| Complete 
| 223|0x00000000edf00000, 0x00000000ee000000, 0x00000000ee000000|100%| E|CS|TAMS 0x00000000edf00000, 0x00000000edf00000| Complete 
| 224|0x00000000ee000000, 0x00000000ee100000, 0x00000000ee100000|100%| E|CS|TAMS 0x00000000ee000000, 0x00000000ee000000| Complete 
| 225|0x00000000ee100000, 0x00000000ee200000, 0x00000000ee200000|100%| E|CS|TAMS 0x00000000ee100000, 0x00000000ee100000| Complete 
| 226|0x00000000ee200000, 0x00000000ee300000, 0x00000000ee300000|100%| E|CS|TAMS 0x00000000ee200000, 0x00000000ee200000| Complete 
| 227|0x00000000ee300000, 0x00000000ee400000, 0x00000000ee400000|100%| E|CS|TAMS 0x00000000ee300000, 0x00000000ee300000| Complete 
| 228|0x00000000ee400000, 0x00000000ee500000, 0x00000000ee500000|100%| E|CS|TAMS 0x00000000ee400000, 0x00000000ee400000| Complete 
| 229|0x00000000ee500000, 0x00000000ee600000, 0x00000000ee600000|100%| E|CS|TAMS 0x00000000ee500000, 0x00000000ee500000| Complete 
| 230|0x00000000ee600000, 0x00000000ee700000, 0x00000000ee700000|100%| E|CS|TAMS 0x00000000ee600000, 0x00000000ee600000| Complete 
| 231|0x00000000ee700000, 0x00000000ee800000, 0x00000000ee800000|100%| E|CS|TAMS 0x00000000ee700000, 0x00000000ee700000| Complete 
| 232|0x00000000ee800000, 0x00000000ee900000, 0x00000000ee900000|100%| E|CS|TAMS 0x00000000ee800000, 0x00000000ee800000| Complete 
| 233|0x00000000ee900000, 0x00000000eea00000, 0x00000000eea00000|100%| E|CS|TAMS 0x00000000ee900000, 0x00000000ee900000| Complete 
| 234|0x00000000eea00000, 0x00000000eeb00000, 0x00000000eeb00000|100%| E|CS|TAMS 0x00000000eea00000, 0x00000000eea00000| Complete 
| 235|0x00000000eeb00000, 0x00000000eec00000, 0x00000000eec00000|100%| E|CS|TAMS 0x00000000eeb00000, 0x00000000eeb00000| Complete 
| 236|0x00000000eec00000, 0x00000000eed00000, 0x00000000eed00000|100%| E|CS|TAMS 0x00000000eec00000, 0x00000000eec00000| Complete 
| 237|0x00000000eed00000, 0x00000000eee00000, 0x00000000eee00000|100%| E|CS|TAMS 0x00000000eed00000, 0x00000000eed00000| Complete 
| 238|0x00000000eee00000, 0x00000000eef00000, 0x00000000eef00000|100%| E|CS|TAMS 0x00000000eee00000, 0x00000000eee00000| Complete 
| 239|0x00000000eef00000, 0x00000000ef000000, 0x00000000ef000000|100%| E|CS|TAMS 0x00000000eef00000, 0x00000000eef00000| Complete 
| 240|0x00000000ef000000, 0x00000000ef100000, 0x00000000ef100000|100%| E|CS|TAMS 0x00000000ef000000, 0x00000000ef000000| Complete 
| 241|0x00000000ef100000, 0x00000000ef200000, 0x00000000ef200000|100%| E|CS|TAMS 0x00000000ef100000, 0x00000000ef100000| Complete 
| 242|0x00000000ef200000, 0x00000000ef300000, 0x00000000ef300000|100%| E|CS|TAMS 0x00000000ef200000, 0x00000000ef200000| Complete 
| 243|0x00000000ef300000, 0x00000000ef400000, 0x00000000ef400000|100%| E|CS|TAMS 0x00000000ef300000, 0x00000000ef300000| Complete 
| 244|0x00000000ef400000, 0x00000000ef500000, 0x00000000ef500000|100%| E|CS|TAMS 0x00000000ef400000, 0x00000000ef400000| Complete 
| 245|0x00000000ef500000, 0x00000000ef600000, 0x00000000ef600000|100%| E|CS|TAMS 0x00000000ef500000, 0x00000000ef500000| Complete 
| 246|0x00000000ef600000, 0x00000000ef700000, 0x00000000ef700000|100%| E|CS|TAMS 0x00000000ef600000, 0x00000000ef600000| Complete 
| 247|0x00000000ef700000, 0x00000000ef800000, 0x00000000ef800000|100%| E|CS|TAMS 0x00000000ef700000, 0x00000000ef700000| Complete 
| 248|0x00000000ef800000, 0x00000000ef900000, 0x00000000ef900000|100%| E|CS|TAMS 0x00000000ef800000, 0x00000000ef800000| Complete 
| 249|0x00000000ef900000, 0x00000000efa00000, 0x00000000efa00000|100%| E|CS|TAMS 0x00000000ef900000, 0x00000000ef900000| Complete 
| 250|0x00000000efa00000, 0x00000000efb00000, 0x00000000efb00000|100%| E|CS|TAMS 0x00000000efa00000, 0x00000000efa00000| Complete 
| 251|0x00000000efb00000, 0x00000000efc00000, 0x00000000efc00000|100%| E|CS|TAMS 0x00000000efb00000, 0x00000000efb00000| Complete 
| 252|0x00000000efc00000, 0x00000000efd00000, 0x00000000efd00000|100%| E|CS|TAMS 0x00000000efc00000, 0x00000000efc00000| Complete 
| 253|0x00000000efd00000, 0x00000000efe00000, 0x00000000efe00000|100%| E|CS|TAMS 0x00000000efd00000, 0x00000000efd00000| Complete 
| 254|0x00000000efe00000, 0x00000000eff00000, 0x00000000eff00000|100%| E|CS|TAMS 0x00000000efe00000, 0x00000000efe00000| Complete 
| 255|0x00000000eff00000, 0x00000000f0000000, 0x00000000f0000000|100%| E|CS|TAMS 0x00000000eff00000, 0x00000000eff00000| Complete 

Card table byte_map: [0x000001d4dcdc0000,0x000001d4dcec0000] _byte_map_base: 0x000001d4dc6c0000

Marking Bits (Prev, Next): (CMBitMap*) 0x000001d4c5300188, (CMBitMap*) 0x000001d4c53001c0
 Prev Bits: [0x000001d4dcfc0000, 0x000001d4dd7c0000)
 Next Bits: [0x000001d4dd7c0000, 0x000001d4ddfc0000)

Polling page: 0x000001d4c32d0000

Metaspace:

Usage:
  Non-class:     47.71 MB capacity,    46.61 MB ( 98%) used,   953.32 KB (  2%) free+waste,   172.00 KB ( <1%) overhead. 
      Class:      7.71 MB capacity,     7.11 MB ( 92%) used,   532.65 KB (  7%) free+waste,    83.88 KB (  1%) overhead. 
       Both:     55.43 MB capacity,    53.72 MB ( 97%) used,     1.45 MB (  3%) free+waste,   255.88 KB ( <1%) overhead. 

Virtual space:
  Non-class space:       48.00 MB reserved,      47.87 MB (>99%) committed 
      Class space:      248.00 MB reserved,       7.75 MB (  3%) committed 
             Both:      296.00 MB reserved,      55.62 MB ( 19%) committed 

Chunk freelists:
   Non-Class:  4.13 KB
       Class:  896 bytes
        Both:  5.00 KB

CodeHeap 'non-profiled nmethods': size=120000Kb used=3215Kb max_used=3215Kb free=116784Kb
 bounds [0x000001d4d5240000, 0x000001d4d5570000, 0x000001d4dc770000]
CodeHeap 'profiled nmethods': size=120000Kb used=10829Kb max_used=10829Kb free=109170Kb
 bounds [0x000001d4cdd10000, 0x000001d4ce7b0000, 0x000001d4d5240000]
CodeHeap 'non-nmethods': size=5760Kb used=2305Kb max_used=2347Kb free=3454Kb
 bounds [0x000001d4cd770000, 0x000001d4cd9e0000, 0x000001d4cdd10000]
 total_blobs=5661 nmethods=4864 adapters=716
 compilation: enabled
              stopped_count=0, restarted_count=0
 full_count=0

Compilation events (10 events):
Event: 5.819 Thread 0x000001d4e0c5d000 4888       2       org.gradle.internal.logging.text.AbstractLineChoppingStyledTextOutput$1::execute (9 bytes)
Event: 5.819 Thread 0x000001d4e0c5d000 nmethod 4888 0x000001d4ce7a1490 code [0x000001d4ce7a1640, 0x000001d4ce7a1788]
Event: 5.819 Thread 0x000001d4e0c5d000 4889       2       org.gradle.internal.logging.text.AbstractLineChoppingStyledTextOutput$1::execute (130 bytes)
Event: 5.820 Thread 0x000001d4e0c5d000 nmethod 4889 0x000001d4ce7a1890 code [0x000001d4ce7a1aa0, 0x000001d4ce7a1e98]
Event: 5.820 Thread 0x000001d4e0c5d000 4890       2       org.gradle.internal.logging.text.AbstractLineChoppingStyledTextOutput$2::execute (73 bytes)
Event: 5.820 Thread 0x000001d4e0c5d000 nmethod 4890 0x000001d4ce7a2210 code [0x000001d4ce7a2400, 0x000001d4ce7a2798]
Event: 5.820 Thread 0x000001d4e0c5d000 4891       1       org.gradle.internal.io.StreamByteBuffer::access$000 (5 bytes)
Event: 5.820 Thread 0x000001d4e0c5d000 nmethod 4891 0x000001d4d5563a90 code [0x000001d4d5563c20, 0x000001d4d5563cb8]
Event: 5.825 Thread 0x000001d4e0c5d000 4893       3       java.lang.invoke.MemberName$Factory::resolveOrNull (28 bytes)
Event: 5.825 Thread 0x000001d4e0c5d000 nmethod 4893 0x000001d4ce7a2a10 code [0x000001d4ce7a2bc0, 0x000001d4ce7a2e88]

GC Heap History (10 events):
Event: 0.559 GC heap before
{Heap before GC invocations=0 (full 0):
 garbage-first heap   total 262144K, used 29696K [0x00000000e0000000, 0x0000000100000000)
  region size 1024K, 24 young (24576K), 0 survivors (0K)
 Metaspace       used 9624K, capacity 9841K, committed 9984K, reserved 264192K
  class space    used 945K, capacity 1008K, committed 1024K, reserved 253952K
}
Event: 0.564 GC heap after
{Heap after GC invocations=1 (full 0):
 garbage-first heap   total 262144K, used 9119K [0x00000000e0000000, 0x0000000100000000)
  region size 1024K, 3 young (3072K), 3 survivors (3072K)
 Metaspace       used 9624K, capacity 9841K, committed 9984K, reserved 264192K
  class space    used 945K, capacity 1008K, committed 1024K, reserved 253952K
}
Event: 2.115 GC heap before
{Heap before GC invocations=1 (full 0):
 garbage-first heap   total 262144K, used 126879K [0x00000000e0000000, 0x0000000100000000)
  region size 1024K, 119 young (121856K), 3 survivors (3072K)
 Metaspace       used 20673K, capacity 21188K, committed 21296K, reserved 274432K
  class space    used 2503K, capacity 2668K, committed 2688K, reserved 253952K
}
Event: 2.124 GC heap after
{Heap after GC invocations=2 (full 0):
 garbage-first heap   total 262144K, used 17371K [0x00000000e0000000, 0x0000000100000000)
  region size 1024K, 12 young (12288K), 12 survivors (12288K)
 Metaspace       used 20673K, capacity 21188K, committed 21296K, reserved 274432K
  class space    used 2503K, capacity 2668K, committed 2688K, reserved 253952K
}
Event: 2.554 GC heap before
{Heap before GC invocations=3 (full 0):
 garbage-first heap   total 262144K, used 65499K [0x00000000e0000000, 0x0000000100000000)
  region size 1024K, 59 young (60416K), 12 survivors (12288K)
 Metaspace       used 25143K, capacity 25765K, committed 25904K, reserved 276480K
  class space    used 3211K, capacity 3429K, committed 3456K, reserved 253952K
}
Event: 2.561 GC heap after
{Heap after GC invocations=4 (full 0):
 garbage-first heap   total 262144K, used 19015K [0x00000000e0000000, 0x0000000100000000)
  region size 1024K, 3 young (3072K), 3 survivors (3072K)
 Metaspace       used 25143K, capacity 25765K, committed 25904K, reserved 276480K
  class space    used 3211K, capacity 3429K, committed 3456K, reserved 253952K
}
Event: 3.330 GC heap before
{Heap before GC invocations=4 (full 0):
 garbage-first heap   total 262144K, used 92743K [0x00000000e0000000, 0x0000000100000000)
  region size 1024K, 76 young (77824K), 3 survivors (3072K)
 Metaspace       used 34937K, capacity 35618K, committed 35708K, reserved 286720K
  class space    used 4517K, capacity 4802K, committed 4864K, reserved 253952K
}
Event: 3.335 GC heap after
{Heap after GC invocations=5 (full 0):
 garbage-first heap   total 262144K, used 22343K [0x00000000e0000000, 0x0000000100000000)
  region size 1024K, 6 young (6144K), 6 survivors (6144K)
 Metaspace       used 34937K, capacity 35618K, committed 35708K, reserved 286720K
  class space    used 4517K, capacity 4802K, committed 4864K, reserved 253952K
}
Event: 4.737 GC heap before
{Heap before GC invocations=6 (full 0):
 garbage-first heap   total 262144K, used 171847K [0x00000000e0000000, 0x0000000100000000)
  region size 1024K, 149 young (152576K), 6 survivors (6144K)
 Metaspace       used 48094K, capacity 49323K, committed 49532K, reserved 296960K
  class space    used 6158K, capacity 6590K, committed 6656K, reserved 253952K
}
Event: 4.750 GC heap after
{Heap after GC invocations=7 (full 0):
 garbage-first heap   total 262144K, used 31763K [0x00000000e0000000, 0x0000000100000000)
  region size 1024K, 15 young (15360K), 15 survivors (15360K)
 Metaspace       used 48094K, capacity 49323K, committed 49532K, reserved 296960K
  class space    used 6158K, capacity 6590K, committed 6656K, reserved 253952K
}

Deoptimization events (10 events):
Event: 5.501 Thread 0x000001d4e57f4000 Uncommon trap: reason=class_check action=maybe_recompile pc=0x000001d4d5495928 method=java.util.concurrent.ConcurrentHashMap.computeIfAbsent(Ljava/lang/Object;Ljava/util/function/Function;)Ljava/lang/Object; @ 241 c2
Event: 5.505 Thread 0x000001d4e57f4000 Uncommon trap: reason=unstable_if action=reinterpret pc=0x000001d4d52d2a70 method=java.net.URI$Parser.scan(IILjava/lang/String;)I @ 26 c2
Event: 5.505 Thread 0x000001d4e57f4000 Uncommon trap: reason=unstable_if action=reinterpret pc=0x000001d4d52a28ac method=java.net.URI.match(CJJ)Z @ 45 c2
Event: 5.505 Thread 0x000001d4e57f4000 Uncommon trap: reason=unstable_if action=reinterpret pc=0x000001d4d5265a7c method=java.net.URI.match(CJJ)Z @ 19 c2
Event: 5.695 Thread 0x000001d4e57f4000 Uncommon trap: reason=bimorphic_or_optimized_type_check action=maybe_recompile pc=0x000001d4d551e438 method=java.util.Collections$SetFromMap.remove(Ljava/lang/Object;)Z @ 5 c2
Event: 5.704 Thread 0x000001d4e57f4000 Uncommon trap: reason=bimorphic_or_optimized_type_check action=maybe_recompile pc=0x000001d4d551e438 method=java.util.Collections$SetFromMap.remove(Ljava/lang/Object;)Z @ 5 c2
Event: 5.707 Thread 0x000001d4e57f4000 Uncommon trap: reason=bimorphic_or_optimized_type_check action=maybe_recompile pc=0x000001d4d551e438 method=java.util.Collections$SetFromMap.remove(Ljava/lang/Object;)Z @ 5 c2
Event: 5.707 Thread 0x000001d4e57f4000 Uncommon trap: reason=bimorphic_or_optimized_type_check action=maybe_recompile pc=0x000001d4d551e438 method=java.util.Collections$SetFromMap.remove(Ljava/lang/Object;)Z @ 5 c2
Event: 5.709 Thread 0x000001d4e57f4000 Uncommon trap: reason=class_check action=maybe_recompile pc=0x000001d4d5495928 method=java.util.concurrent.ConcurrentHashMap.computeIfAbsent(Ljava/lang/Object;Ljava/util/function/Function;)Ljava/lang/Object; @ 241 c2
Event: 5.738 Thread 0x000001d4e57f4000 Uncommon trap: reason=unstable_if action=reinterpret pc=0x000001d4d53d0c60 method=java.io.BufferedInputStream.read([BII)I @ 56 c2

Classes redefined (0 events):
No events

Internal exceptions (10 events):
Event: 5.751 Thread 0x000001d4e57f4000 Exception <a 'java/lang/ClassNotFoundException'{0x00000000e8b1f640}: org/gradle/api/internal/file/AbstractFileCollectionBeanInfo> (0x00000000e8b1f640) thrown at [./open/src/hotspot/share/classfile/systemDictionary.cpp, line 228]
Event: 5.751 Thread 0x000001d4e57f4000 Exception <a 'java/lang/ClassNotFoundException'{0x00000000e8b47d08}: org/gradle/api/internal/file/AbstractFileCollectionCustomizer> (0x00000000e8b47d08) thrown at [./open/src/hotspot/share/classfile/systemDictionary.cpp, line 228]
Event: 5.753 Thread 0x000001d4e57f4000 Exception <a 'java/lang/ClassNotFoundException'{0x00000000e8b828b0}: org/gradle/api/internal/file/CompositeFileCollectionCustomizer> (0x00000000e8b828b0) thrown at [./open/src/hotspot/share/classfile/systemDictionary.cpp, line 228]
Event: 5.754 Thread 0x000001d4e57f4000 Exception <a 'java/lang/ClassNotFoundException'{0x00000000e8bb9230}: org/gradle/api/internal/file/collections/DefaultConfigurableFileCollectionCustomizer> (0x00000000e8bb9230) thrown at [./open/src/hotspot/share/classfile/systemDictionary.cpp, line 228]
Event: 5.774 Thread 0x000001d4e57f6000 Exception <a 'java/lang/NoSuchMethodError'{0x00000000e8ab2858}: java.lang.invoke.DirectMethodHandle$Holder.invokeStatic(Ljava/lang/Object;J)V> (0x00000000e8ab2858) thrown at [./open/src/hotspot/share/interpreter/linkResolver.cpp, line 772]
Event: 5.775 Thread 0x000001d4e57f6000 Exception <a 'java/lang/NoSuchMethodError'{0x00000000e8ab7a68}: java.lang.invoke.DirectMethodHandle$Holder.invokeStatic(Ljava/lang/Object;J)Ljava/lang/Object;> (0x00000000e8ab7a68) thrown at [./open/src/hotspot/share/interpreter/linkResolver.cpp, line 772
Event: 5.777 Thread 0x000001d4e57f6000 Exception <a 'java/lang/NoSuchMethodError'{0x00000000e8ac5b20}: java.lang.invoke.DirectMethodHandle$Holder.invokeStaticInit(Ljava/lang/Object;Ljava/lang/Object;JLjava/lang/Object;)Ljava/lang/Object;> (0x00000000e8ac5b20) thrown at [./open/src/hotspot/shar
Event: 5.778 Thread 0x000001d4e57f6000 Exception <a 'java/lang/NoSuchMethodError'{0x00000000e8acba08}: java.lang.invoke.DirectMethodHandle$Holder.invokeStatic(Ljava/lang/Object;Ljava/lang/Object;J)Ljava/lang/Object;> (0x00000000e8acba08) thrown at [./open/src/hotspot/share/interpreter/linkReso
Event: 5.778 Thread 0x000001d4e57f6000 Exception <a 'java/lang/NoSuchMethodError'{0x00000000e8ad1cd8}: java.lang.invoke.Invokers$Holder.linkToTargetMethod(Ljava/lang/Object;JLjava/lang/Object;)Ljava/lang/Object;> (0x00000000e8ad1cd8) thrown at [./open/src/hotspot/share/interpreter/linkResolver
Event: 5.825 Thread 0x000001d4e4482800 Exception <a 'java/lang/NoSuchMethodError'{0x00000000e882bb08}: java.lang.invoke.DirectMethodHandle$Holder.invokeVirtual(Ljava/lang/Object;Ljava/lang/Object;Ljava/lang/Object;)Ljava/lang/Object;> (0x00000000e882bb08) thrown at [./open/src/hotspot/share/in

Events (10 events):
Event: 5.826 loading class org/gradle/internal/snapshot/FileSystemNode
Event: 5.826 loading class org/gradle/internal/snapshot/FileSystemNode done
Event: 5.826 loading class org/gradle/internal/vfs/impl/DefaultSnapshotHierarchy
Event: 5.826 loading class org/gradle/internal/vfs/impl/DefaultSnapshotHierarchy done
Event: 5.826 loading class org/gradle/internal/snapshot/SnapshotHierarchy
Event: 5.826 loading class org/gradle/internal/snapshot/SnapshotHierarchy done
Event: 5.826 loading class org/gradle/internal/snapshot/SnapshotHierarchy
Event: 5.826 loading class org/gradle/internal/snapshot/SnapshotHierarchy done
Event: 5.826 loading class org/gradle/internal/vfs/impl/DefaultSnapshotHierarchy
Event: 5.826 loading class org/gradle/internal/vfs/impl/DefaultSnapshotHierarchy done


Dynamic libraries:
0x00007ff739970000 - 0x00007ff73997f000 	C:\Program Files\Java\jdk-11.0.10\bin\java.exe
0x00007ffb2c770000 - 0x00007ffb2c965000 	C:\Windows\SYSTEM32\ntdll.dll
0x00007ffb2b4a0000 - 0x00007ffb2b55e000 	C:\Windows\System32\KERNEL32.DLL
0x00007ffb29fd0000 - 0x00007ffb2a298000 	C:\Windows\System32\KERNELBASE.dll
0x00007ffb2a5c0000 - 0x00007ffb2a6c0000 	C:\Windows\System32\ucrtbase.dll
0x00007ffb22880000 - 0x00007ffb22898000 	C:\Program Files\Java\jdk-11.0.10\bin\jli.dll
0x00007ffb1ff40000 - 0x00007ffb1ff55000 	C:\Program Files\Java\jdk-11.0.10\bin\VCRUNTIME140.dll
0x00007ffb2c290000 - 0x00007ffb2c33e000 	C:\Windows\System32\ADVAPI32.dll
0x00007ffb2c4e0000 - 0x00007ffb2c57e000 	C:\Windows\System32\msvcrt.dll
0x00007ffb2b6b0000 - 0x00007ffb2b74c000 	C:\Windows\System32\sechost.dll
0x00007ffb2a9b0000 - 0x00007ffb2aad5000 	C:\Windows\System32\RPCRT4.dll
0x00007ffb2c340000 - 0x00007ffb2c4e0000 	C:\Windows\System32\USER32.dll
0x00007ffb2a400000 - 0x00007ffb2a422000 	C:\Windows\System32\win32u.dll
0x00007ffb18f20000 - 0x00007ffb191ba000 	C:\Windows\WinSxS\amd64_microsoft.windows.common-controls_6595b64144ccf1df_6.0.19041.1110_none_60b5254171f9507e\COMCTL32.dll
0x00007ffb2ba90000 - 0x00007ffb2baba000 	C:\Windows\System32\GDI32.dll
0x00007ffb2a2f0000 - 0x00007ffb2a3fb000 	C:\Windows\System32\gdi32full.dll
0x00007ffb2a6c0000 - 0x00007ffb2a75d000 	C:\Windows\System32\msvcp_win.dll
0x00007ffb231d0000 - 0x00007ffb231da000 	C:\Windows\SYSTEM32\VERSION.dll
0x00007ffb2b8f0000 - 0x00007ffb2b920000 	C:\Windows\System32\IMM32.DLL
0x00007ffb0e390000 - 0x00007ffb0e42b000 	C:\Program Files\Java\jdk-11.0.10\bin\msvcp140.dll
0x00007ffaf06c0000 - 0x00007ffaf11bb000 	C:\Program Files\Java\jdk-11.0.10\bin\server\jvm.dll
0x00007ffb2ae40000 - 0x00007ffb2ae48000 	C:\Windows\System32\PSAPI.DLL
0x00007ffb16460000 - 0x00007ffb16469000 	C:\Windows\SYSTEM32\WSOCK32.dll
0x00007ffb1fdd0000 - 0x00007ffb1fdf7000 	C:\Windows\SYSTEM32\WINMM.dll
0x00007ffb2b750000 - 0x00007ffb2b7bb000 	C:\Windows\System32\WS2_32.dll
0x00007ffb27d90000 - 0x00007ffb27da2000 	C:\Windows\SYSTEM32\kernel.appcore.dll
0x00007ffb24be0000 - 0x00007ffb24bf0000 	C:\Program Files\Java\jdk-11.0.10\bin\verify.dll
0x00007ffb160c0000 - 0x00007ffb162a4000 	C:\Windows\SYSTEM32\DBGHELP.DLL
0x00007ffb16690000 - 0x00007ffb166bc000 	C:\Windows\SYSTEM32\dbgcore.DLL
0x00007ffb29f40000 - 0x00007ffb29fc2000 	C:\Windows\System32\bcryptPrimitives.dll
0x00007ffb139b0000 - 0x00007ffb139d8000 	C:\Program Files\Java\jdk-11.0.10\bin\java.dll
0x00007ffb232a0000 - 0x00007ffb232aa000 	C:\Program Files\Java\jdk-11.0.10\bin\jimage.dll
0x00007ffb05530000 - 0x00007ffb05568000 	C:\Program Files\Java\jdk-11.0.10\bin\jdwp.dll
0x00007ffb177c0000 - 0x00007ffb177d6000 	C:\Program Files\Java\jdk-11.0.10\bin\zip.dll
0x00007ffb2bb40000 - 0x00007ffb2c284000 	C:\Windows\System32\SHELL32.dll
0x00007ffb27f90000 - 0x00007ffb28724000 	C:\Windows\SYSTEM32\windows.storage.dll
0x00007ffb2aae0000 - 0x00007ffb2ae34000 	C:\Windows\System32\combase.dll
0x00007ffb29820000 - 0x00007ffb2984c000 	C:\Windows\SYSTEM32\Wldp.dll
0x00007ffb2b840000 - 0x00007ffb2b8ed000 	C:\Windows\System32\SHCORE.dll
0x00007ffb2b650000 - 0x00007ffb2b6a5000 	C:\Windows\System32\shlwapi.dll
0x00007ffb29dd0000 - 0x00007ffb29def000 	C:\Windows\SYSTEM32\profapi.dll
0x00007ffb1fa60000 - 0x00007ffb1fa6a000 	C:\Program Files\Java\jdk-11.0.10\bin\dt_socket.dll
0x00007ffb29600000 - 0x00007ffb2966a000 	C:\Windows\system32\mswsock.dll
0x00007ffb16e40000 - 0x00007ffb16e59000 	C:\Program Files\Java\jdk-11.0.10\bin\net.dll
0x00007ffb1c6e0000 - 0x00007ffb1c7ea000 	C:\Windows\SYSTEM32\WINHTTP.dll
0x00007ffb166e0000 - 0x00007ffb166f2000 	C:\Program Files\Java\jdk-11.0.10\bin\nio.dll
0x00007ffb143f0000 - 0x00007ffb14417000 	C:\Users\¿ÎËÒ‡\.gradle\native\8bec1ad78214c89d9ad589b4d07fe93259594b29d510b10fafb7a158f7737e5d\windows-amd64\native-platform.dll
0x00007ffaf9130000 - 0x00007ffaf926d000 	C:\Users\¿ÎËÒ‡\.gradle\native\53dbd7edfb1c66fb8903c78663c9afc45aea4f116125fa6feffd364cf09443e8\windows-amd64\native-platform-file-events.dll
0x00007ffb1fa10000 - 0x00007ffb1fa19000 	C:\Program Files\Java\jdk-11.0.10\bin\management.dll
0x00007ffb1f5e0000 - 0x00007ffb1f5eb000 	C:\Program Files\Java\jdk-11.0.10\bin\management_ext.dll
0x00007ffb29b50000 - 0x00007ffb29b68000 	C:\Windows\SYSTEM32\CRYPTSP.dll
0x00007ffb28f30000 - 0x00007ffb28f64000 	C:\Windows\system32\rsaenh.dll
0x00007ffb2a590000 - 0x00007ffb2a5b7000 	C:\Windows\System32\bcrypt.dll
0x00007ffb29d50000 - 0x00007ffb29d7e000 	C:\Windows\SYSTEM32\USERENV.dll
0x00007ffb29790000 - 0x00007ffb2979c000 	C:\Windows\SYSTEM32\CRYPTBASE.dll
0x00007ffb292c0000 - 0x00007ffb292fb000 	C:\Windows\SYSTEM32\IPHLPAPI.DLL
0x00007ffb2b640000 - 0x00007ffb2b648000 	C:\Windows\System32\NSI.dll
0x00007ffb23220000 - 0x00007ffb23237000 	C:\Windows\SYSTEM32\dhcpcsvc6.DLL
0x00007ffb23750000 - 0x00007ffb2376d000 	C:\Windows\SYSTEM32\dhcpcsvc.DLL
0x00007ffb29300000 - 0x00007ffb293cb000 	C:\Windows\SYSTEM32\DNSAPI.dll

dbghelp: loaded successfully - version: 4.0.5 - missing functions: none
symbol engine: initialized successfully - sym options: 0x614 - pdb path: .;C:\Program Files\Java\jdk-11.0.10\bin;C:\Windows\SYSTEM32;C:\Windows\WinSxS\amd64_microsoft.windows.common-controls_6595b64144ccf1df_6.0.19041.1110_none_60b5254171f9507e;C:\Program Files\Java\jdk-11.0.10\bin\server;C:\Users\¿ÎËÒ‡\.gradle\native\8bec1ad78214c89d9ad589b4d07fe93259594b29d510b10fafb7a158f7737e5d\windows-amd64;C:\Users\¿ÎËÒ‡\.gradle\native\53dbd7edfb1c66fb8903c78663c9afc45aea4f116125fa6feffd364cf09443e8\windows-amd64

VM Arguments:
jvm_args: -XX:MaxMetaspaceSize=256m -XX:+HeapDumpOnOutOfMemoryError -agentlib:jdwp=transport=dt_socket,server=n,suspend=y,address=127.0.0.1:8420 --add-opens=java.base/java.util=ALL-UNNAMED --add-opens=java.base/java.lang=ALL-UNNAMED --add-opens=java.base/java.lang.invoke=ALL-UNNAMED --add-opens=java.base/java.util=ALL-UNNAMED --add-opens=java.prefs/java.util.prefs=ALL-UNNAMED --add-opens=java.prefs/java.util.prefs=ALL-UNNAMED --add-opens=java.base/java.nio.charset=ALL-UNNAMED --add-opens=java.base/java.net=ALL-UNNAMED --add-opens=java.base/java.util.concurrent.atomic=ALL-UNNAMED -Xms256m -Xmx512m -Dfile.encoding=windows-1251 -Duser.country=RU -Duser.language=ru -Duser.variant 
java_command: org.gradle.launcher.daemon.bootstrap.GradleDaemon 7.1.1
java_class_path (initial): C:\Users\¿ÎËÒ‡\.gradle\wrapper\dists\gradle-7.1.1-bin\f29rtwfnc96ub43tt7p47zsru\gradle-7.1.1\lib\gradle-launcher-7.1.1.jar
Launcher Type: SUN_STANDARD

[Global flags]
     intx CICompilerCount                          = 4                                         {product} {ergonomic}
   size_t CompressedClassSpaceSize                 = 260046848                                 {product} {ergonomic}
     uint ConcGCThreads                            = 3                                         {product} {ergonomic}
     uint G1ConcRefinementThreads                  = 10                                        {product} {ergonomic}
   size_t G1HeapRegionSize                         = 1048576                                   {product} {ergonomic}
    uintx GCDrainStackTargetSize                   = 64                                        {product} {ergonomic}
     bool HeapDumpOnOutOfMemoryError               = true                                   {manageable} {command line}
   size_t InitialHeapSize                          = 268435456                                 {product} {command line}
   size_t MarkStackSize                            = 4194304                                   {product} {ergonomic}
   size_t MaxHeapSize                              = 536870912                                 {product} {command line}
   size_t MaxMetaspaceSize                         = 268435456                                 {product} {command line}
   size_t MaxNewSize                               = 321912832                                 {product} {ergonomic}
   size_t MinHeapDeltaBytes                        = 1048576                                   {product} {ergonomic}
    uintx NonNMethodCodeHeapSize                   = 5836300                                {pd product} {ergonomic}
    uintx NonProfiledCodeHeapSize                  = 122910970                              {pd product} {ergonomic}
    uintx ProfiledCodeHeapSize                     = 122910970                              {pd product} {ergonomic}
    uintx ReservedCodeCacheSize                    = 251658240                              {pd product} {ergonomic}
     bool SegmentedCodeCache                       = true                                      {product} {ergonomic}
     bool UseCompressedClassPointers               = true                                 {lp64_product} {ergonomic}
     bool UseCompressedOops                        = true                                 {lp64_product} {ergonomic}
     bool UseG1GC                                  = true                                      {product} {ergonomic}
     bool UseLargePagesIndividualAllocation        = false                                  {pd product} {ergonomic}

Logging:
Log output configuration:
 #0: stdout all=warning uptime,level,tags
 #1: stderr all=off uptime,level,tags

Environment Variables:
JAVA_HOME=C:\Program Files\Java\jdk1.8.0_261
PATH=C:\Program Files\Common Files\Oracle\Java\javapath;C:\Windows\system32;C:\Windows;C:\Windows\System32\Wbem;C:\Windows\System32\WindowsPowerShell\v1.0\;C:\Windows\System32\OpenSSH\;"C:\Program Files\Java\jdk-11.0.10\bin;";C:\Program Files\Java\jdk-11.0.10\bin;C:\wget;C:\Program Files\Java\jdk-11.0.10\bin;C:\Program Files\PuTTY\;C:\Program Files\Git\cmd;C:\Program Files\apache-maven-3.6.3\bin;C:\ProgramData\chocolatey\bin;;C:\Program Files\Docker\Docker\resources\bin;C:\ProgramData\DockerDesktop\version-bin;C:\Program Files\MySQL\MySQL Shell 8.0\bin\;C:\Program Files\Java\jdk1.8.0_261\bin;C:\Users\¿ÎËÒ‡\AppData\Local\GitHubDesktop\bin;D:\gradle-7.2\bin;;C:\Program Files\JetBrains\IntelliJ IDEA 2021.3.2\bin;
USERNAME=¿ÎËÒ‡
OS=Windows_NT
PROCESSOR_IDENTIFIER=AMD64 Family 23 Model 8 Stepping 2, AuthenticAMD



---------------  S Y S T E M  ---------------

OS: Windows 10 , 64 bit Build 19041 (10.0.19041.1645)
Hyper-V role detected

CPU:total 12 (initial active 12) (12 cores per cpu, 2 threads per core) family 23 model 8 stepping 2 microcode 0x0, cmov, cx8, fxsr, mmx, sse, sse2, sse3, ssse3, sse4.1, sse4.2, popcnt, avx, avx2, aes, clmul, mmxext, 3dnowpref, lzcnt, sse4a, ht, tsc, tscinvbit, tscinv, bmi1, bmi2, adx, s

Memory: 4k page, system-wide physical 8123M (439M free)
TotalPageFile size 11195M (AvailPageFile size 58M)
current process WorkingSet (physical memory assigned to process): 380M, peak: 380M
current process commit charge ("private bytes"): 501M, peak: 501M

vm_info: Java HotSpot(TM) 64-Bit Server VM (11.0.10+8-LTS-162) for windows-amd64 JRE (11.0.10+8-LTS-162), built on Dec  8 2020 16:32:57 by "mach5one" with MS VC++ 15.9 (VS2017)

END.
